[debug] [2019-09-26T20:01:39.023Z] ----------------------------------------------------------------------
[debug] [2019-09-26T20:01:39.025Z] Command:       /usr/local/bin/node /usr/local/bin/firebase deploy
[debug] [2019-09-26T20:01:39.026Z] CLI Version:   7.3.2
[debug] [2019-09-26T20:01:39.026Z] Platform:      darwin
[debug] [2019-09-26T20:01:39.026Z] Node Version:  v10.15.3
[debug] [2019-09-26T20:01:39.031Z] Time:          Thu Sep 26 2019 23:01:39 GMT+0300 (Eastern European Summer Time)
[debug] [2019-09-26T20:01:39.031Z] ----------------------------------------------------------------------
[debug] 
[debug] [2019-09-26T20:01:39.042Z] > command requires scopes: ["email","openid","https://www.googleapis.com/auth/cloudplatformprojects.readonly","https://www.googleapis.com/auth/firebase","https://www.googleapis.com/auth/cloud-platform"]
[debug] [2019-09-26T20:01:39.042Z] > authorizing via signed-in user
[debug] [2019-09-26T20:01:39.043Z] [iam] checking project ivcorporation-5c7f2 for permissions ["firebase.projects.get","firebasedatabase.instances.update","firebasehosting.sites.update","firebaserules.releases.create","firebaserules.releases.update","firebaserules.rulesets.create"]
[debug] [2019-09-26T20:01:39.044Z] > refreshing access token with scopes: ["email","https://www.googleapis.com/auth/cloud-platform","https://www.googleapis.com/auth/cloudplatformprojects.readonly","https://www.googleapis.com/auth/firebase","openid"]
[debug] [2019-09-26T20:01:39.045Z] >>> HTTP REQUEST POST https://www.googleapis.com/oauth2/v3/token  
 <request body omitted>
[debug] [2019-09-26T20:01:39.238Z] <<< HTTP RESPONSE 200
[debug] [2019-09-26T20:01:39.261Z] >>> HTTP REQUEST POST https://cloudresourcemanager.googleapis.com/v1/projects/ivcorporation-5c7f2:testIamPermissions  

[debug] [2019-09-26T20:01:40.441Z] <<< HTTP RESPONSE 200
[debug] [2019-09-26T20:01:40.444Z] >>> HTTP REQUEST GET https://firebase.googleapis.com/v1beta1/projects/ivcorporation-5c7f2  
 
[debug] [2019-09-26T20:01:40.826Z] <<< HTTP RESPONSE 200
[info] 
[info] === Deploying to 'ivcorporation-5c7f2'...
[info] 
[info] i  deploying database, storage, hosting
[info] i  database: checking rules syntax...
[debug] [2019-09-26T20:01:40.832Z] >>> HTTP REQUEST PUT https://ivcorporation-5c7f2.firebaseio.com/.settings/rules.json?dryRun=true  
 {
  /* Visit https://firebase.google.com/docs/database/security to learn more about security rules. */
  "rules": {
    ".read": false,
    ".write": false
  }
}
[debug] [2019-09-26T20:01:45.811Z] Error: Client network socket disconnected before secure TLS connection was established
    at TLSSocket.onConnectEnd (_tls_wrap.js:1088:19)
    at Object.onceWrapper (events.js:277:13)
    at TLSSocket.emit (events.js:194:15)
    at TLSSocket.EventEmitter.emit (domain.js:441:20)
    at endReadableNT (_stream_readable.js:1125:12)
    at process._tickCallback (internal/process/next_tick.js:63:19)
[error] 
[error] Error: Server Error. Client network socket disconnected before secure TLS connection was established
